This is pdfTeX, Version 3.141592653-2.6-1.40.26 (TeX Live 2024/Arch Linux) (preloaded format=pdflatex 2024.11.8)  8 NOV 2024 09:31
entering extended mode
 restricted \write18 enabled.
 file:line:error style messages enabled.
 %&-line parsing enabled.
**letter_pdf.latex
(./letter_pdf.latex
LaTeX2e <2023-11-01> patch level 1
L3 programming layer <2024-02-20>

./letter_pdf.latex:1: LaTeX Error: Missing \begin{document}.

See the LaTeX manual or LaTeX Companion for explanation.
Type  H <return>  for immediate help.
 ...                                              
                                                  
l.1 $
     if(CJKmainfont)$
You're in trouble here.  Try typing  <return>  to proceed.
If that doesn't work, type  X <return>  to quit.

LaTeX Font Info:    External font `cmex10' loaded for size
(Font)              <7> on input line 1.
LaTeX Font Info:    External font `cmex10' loaded for size
(Font)              <5> on input line 1.

Overfull \hbox (104.7194pt too wide) in paragraph at lines 1--4
[]$\OML/cmm/m/it/10 if\OT1/cmr/m/n/10 (\OML/cmm/m/it/10 CJKmainfont\OT1/cmr/m/n/10 )$
 []


Overfull \hbox (25.28087pt too wide) in paragraph at lines 1--4
\OML/cmm/m/it/10 endif$ 
 []

(/usr/share/texmf-dist/tex/latex/koma-script/scrlttr2.cls
Document Class: scrlttr2 2023/07/07 v3.41 KOMA-Script document class (letter)
(/usr/share/texmf-dist/tex/latex/koma-script/scrkbase.sty
Package: scrkbase 2023/07/07 v3.41 KOMA-Script package (KOMA-Script-dependent basics and keyval usage)
 (/usr/share/texmf-dist/tex/latex/koma-script/scrbase.sty
Package: scrbase 2023/07/07 v3.41 KOMA-Script package (KOMA-Script-independent basics and keyval usage)
 (/usr/share/texmf-dist/tex/latex/koma-script/scrlfile.sty
Package: scrlfile 2023/07/07 v3.41 KOMA-Script package (file load hooks)
 (/usr/share/texmf-dist/tex/latex/koma-script/scrlfile-hook.sty
Package: scrlfile-hook 2023/07/07 v3.41 KOMA-Script package (using LaTeX hooks)
 (/usr/share/texmf-dist/tex/latex/koma-script/scrlogo.sty
Package: scrlogo 2023/07/07 v3.41 KOMA-Script package (logo)
))) (/usr/share/texmf-dist/tex/latex/graphics/keyval.sty
Package: keyval 2022/05/29 v1.15 key=value parser (DPC)
\KV@toks@=\toks17
)
Applying: [2021/05/01] Usage of raw or classic option list on input line 252.
Already applied: [0000/00/00] Usage of raw or classic option list on input line 368.
))
Class scrlttr2 Info: File `scrsize12pt.clo' used instead of
(scrlttr2)           file `scrsize12.clo' to setup font sizes on input line 2042.
 (/usr/share/texmf-dist/tex/latex/koma-script/scrsize12pt.clo
File: scrsize12pt.clo 2023/07/07 v3.41 KOMA-Script font size class option (12pt)
) (/usr/share/texmf-dist/tex/latex/koma-script/typearea.sty
Package: typearea 2023/07/07 v3.41 KOMA-Script package (type area)
\ta@bcor=\skip48
\ta@div=\count188
\ta@hblk=\skip49
\ta@vblk=\skip50
\ta@temp=\skip51
\footheight=\skip52
Package typearea Info: These are the values describing the layout:
(typearea)             DIV  = 12
(typearea)             BCOR = 0.0pt
(typearea)             \paperwidth      = 597.50793pt
(typearea)              \textwidth      = 448.13095pt
(typearea)              DIV departure   = -6%
(typearea)              \evensidemargin = 2.4185pt
(typearea)              \oddsidemargin  = 2.4185pt
(typearea)             \paperheight     = 845.04694pt
(typearea)              \textheight     = 635.5pt
(typearea)              \topmargin      = -41.72441pt
(typearea)              \headheight     = 18.125pt
(typearea)              \headsep        = 21.75pt
(typearea)              \topskip        = 12.0pt
(typearea)              \footskip       = 50.75pt
(typearea)              \baselineskip   = 14.5pt
(typearea)              on input line 1799.
)
\c@letter=\count189
)
Class scrlttr2 Info: Letter-Class-Option `DIN' loaded on input line 6.
 (/usr/share/texmf-dist/tex/latex/koma-script/DIN.lco
File: DIN.lco 2023/07/07 v3.41 KOMA-Script letter-class-option
)
./letter_pdf.latex:6: Undefined control sequence.
\pagemark ->{\usekomafont {pagenumber}{\pagename 
                                                 \nobreakspace \thepage }}
l.6 
    
The control sequence at the end of the top line
of your error message was never \def'ed. If you have
misspelled it (e.g., `\hobx'), type `I' and the correct
spelling (e.g., `I\hbox'). Otherwise just continue,
and I'll forget about whatever was undefined.

[1{/var/lib/texmf/fonts/map/pdftex/updmap/pdftex.map}] (/usr/share/texmf-dist/tex/latex/graphics/graphicx.sty
Package: graphicx 2021/09/16 v1.2d Enhanced LaTeX Graphics (DPC,SPQR)
 (/usr/share/texmf-dist/tex/latex/graphics/graphics.sty
Package: graphics 2022/03/10 v1.4e Standard LaTeX Graphics (DPC,SPQR)
 (/usr/share/texmf-dist/tex/latex/graphics/trig.sty
Package: trig 2021/08/11 v1.11 sin cos tan (DPC)
) (/usr/share/texmf-dist/tex/latex/graphics-cfg/graphics.cfg
File: graphics.cfg 2016/06/04 v1.11 sample graphics configuration
)
Package graphics Info: Driver file: pdftex.def on input line 107.
 (/usr/share/texmf-dist/tex/latex/graphics-def/pdftex.def
File: pdftex.def 2022/09/22 v1.2b Graphics/color driver for pdftex
))
\Gin@req@height=\dimen140
\Gin@req@width=\dimen141
) (/usr/share/texmf-dist/tex/latex/geometry/geometry.sty
Package: geometry 2020/01/02 v5.9 Page Geometry
 (/usr/share/texmf-dist/tex/generic/iftex/ifvtex.sty
Package: ifvtex 2019/10/25 v1.7 ifvtex legacy package. Use iftex instead.
 (/usr/share/texmf-dist/tex/generic/iftex/iftex.sty
Package: iftex 2022/02/03 v1.0f TeX engine tests
))
\Gm@cnth=\count190
\Gm@cntv=\count191
\c@Gm@tempcnt=\count192
\Gm@bindingoffset=\dimen142
\Gm@wd@mp=\dimen143
\Gm@odd@mp=\dimen144
\Gm@even@mp=\dimen145
\Gm@layoutwidth=\dimen146
\Gm@layoutheight=\dimen147
\Gm@layouthoffset=\dimen148
\Gm@layoutvoffset=\dimen149
\Gm@dimlist=\toks18
) (/usr/share/texmf-dist/tex/latex/pgf/utilities/pgfpages.sty
Package: pgfpages 2011/01/05 ver 0.02
 (/usr/share/texmf-dist/tex/latex/pgf/basiclayer/pgfcore.sty (/usr/share/texmf-dist/tex/latex/pgf/systemlayer/pgfsys.sty (/usr/share/texmf-dist/tex/latex/pgf/utilities/pgfrcs.sty (/usr/share/texmf-dist/tex/generic/pgf/utilities/pgfutil-common.tex
\pgfutil@everybye=\toks19
\pgfutil@tempdima=\dimen150
\pgfutil@tempdimb=\dimen151
) (/usr/share/texmf-dist/tex/generic/pgf/utilities/pgfutil-latex.def
\pgfutil@abb=\box51
) (/usr/share/texmf-dist/tex/generic/pgf/utilities/pgfrcs.code.tex (/usr/share/texmf-dist/tex/generic/pgf/pgf.revision.tex)
Package: pgfrcs 2023-01-15 v3.1.10 (3.1.10)
)) (/usr/share/texmf-dist/tex/generic/pgf/systemlayer/pgfsys.code.tex
Package: pgfsys 2023-01-15 v3.1.10 (3.1.10)
 (/usr/share/texmf-dist/tex/generic/pgf/utilities/pgfkeys.code.tex
\pgfkeys@pathtoks=\toks20
\pgfkeys@temptoks=\toks21
 (/usr/share/texmf-dist/tex/generic/pgf/utilities/pgfkeyslibraryfiltered.code.tex
\pgfkeys@tmptoks=\toks22
))
\pgf@x=\dimen152
\pgf@y=\dimen153
\pgf@xa=\dimen154
\pgf@ya=\dimen155
\pgf@xb=\dimen156
\pgf@yb=\dimen157
\pgf@xc=\dimen158
\pgf@yc=\dimen159
\pgf@xd=\dimen160
\pgf@yd=\dimen161
\w@pgf@writea=\write3
\r@pgf@reada=\read2
\c@pgf@counta=\count193
\c@pgf@countb=\count194
\c@pgf@countc=\count195
\c@pgf@countd=\count196
\t@pgf@toka=\toks23
\t@pgf@tokb=\toks24
\t@pgf@tokc=\toks25
\pgf@sys@id@count=\count197
 (/usr/share/texmf-dist/tex/generic/pgf/systemlayer/pgf.cfg
File: pgf.cfg 2023-01-15 v3.1.10 (3.1.10)
)
Driver file for pgf: pgfsys-pdftex.def
 (/usr/share/texmf-dist/tex/generic/pgf/systemlayer/pgfsys-pdftex.def
File: pgfsys-pdftex.def 2023-01-15 v3.1.10 (3.1.10)
 (/usr/share/texmf-dist/tex/generic/pgf/systemlayer/pgfsys-common-pdf.def
File: pgfsys-common-pdf.def 2023-01-15 v3.1.10 (3.1.10)
))) (/usr/share/texmf-dist/tex/generic/pgf/systemlayer/pgfsyssoftpath.code.tex
File: pgfsyssoftpath.code.tex 2023-01-15 v3.1.10 (3.1.10)
\pgfsyssoftpath@smallbuffer@items=\count198
\pgfsyssoftpath@bigbuffer@items=\count199
) (/usr/share/texmf-dist/tex/generic/pgf/systemlayer/pgfsysprotocol.code.tex
File: pgfsysprotocol.code.tex 2023-01-15 v3.1.10 (3.1.10)
)) (/usr/share/texmf-dist/tex/latex/xcolor/xcolor.sty
Package: xcolor 2023/11/15 v3.01 LaTeX color extensions (UK)
 (/usr/share/texmf-dist/tex/latex/graphics-cfg/color.cfg
File: color.cfg 2016/01/02 v1.6 sample color configuration
)
Package xcolor Info: Driver file: pdftex.def on input line 274.
 (/usr/share/texmf-dist/tex/latex/graphics/mathcolor.ltx)
Package xcolor Info: Model `cmy' substituted by `cmy0' on input line 1350.
Package xcolor Info: Model `hsb' substituted by `rgb' on input line 1354.
Package xcolor Info: Model `RGB' extended on input line 1366.
Package xcolor Info: Model `HTML' substituted by `rgb' on input line 1368.
Package xcolor Info: Model `Hsb' substituted by `hsb' on input line 1369.
Package xcolor Info: Model `tHsb' substituted by `hsb' on input line 1370.
Package xcolor Info: Model `HSB' substituted by `hsb' on input line 1371.
Package xcolor Info: Model `Gray' substituted by `gray' on input line 1372.
Package xcolor Info: Model `wave' substituted by `hsb' on input line 1373.
) (/usr/share/texmf-dist/tex/generic/pgf/basiclayer/pgfcore.code.tex
Package: pgfcore 2023-01-15 v3.1.10 (3.1.10)
 (/usr/share/texmf-dist/tex/generic/pgf/math/pgfmath.code.tex (/usr/share/texmf-dist/tex/generic/pgf/math/pgfmathutil.code.tex) (/usr/share/texmf-dist/tex/generic/pgf/math/pgfmathparser.code.tex
\pgfmath@dimen=\dimen162
\pgfmath@count=\count266
\pgfmath@box=\box52
\pgfmath@toks=\toks26
\pgfmath@stack@operand=\toks27
\pgfmath@stack@operation=\toks28
)
(/usr/share/texmf-dist/tex/generic/pgf/math/pgfmathfunctions.code.tex) (/usr/share/texmf-dist/tex/generic/pgf/math/pgfmathfunctions.basic.code.tex) (/usr/share/texmf-dist/tex/generic/pgf/math/pgfmathfunctions.trigonometric.code.tex) (/usr/share/texmf-dist/tex/generic/pgf/math/pgfmathfunctions.random.code.tex) (/usr/share/texmf-dist/tex/generic/pgf/math/pgfmathfunctions.comparison.code.tex) (/usr/share/texmf-dist/tex/generic/pgf/math/pgfmathfunctions.base.code.tex) (/usr/share/texmf-dist/tex/generic/pgf/math/pgfmathfunctions.round.code.tex) (/usr/share/texmf-dist/tex/generic/pgf/math/pgfmathfunctions.misc.code.tex) (/usr/share/texmf-dist/tex/generic/pgf/math/pgfmathfunctions.integerarithmetics.code.tex) (/usr/share/texmf-dist/tex/generic/pgf/math/pgfmathcalc.code.tex) (/usr/share/texmf-dist/tex/generic/pgf/math/pgfmathfloat.code.tex
\c@pgfmathroundto@lastzeros=\count267
)) (/usr/share/texmf-dist/tex/generic/pgf/math/pgfint.code.tex) (/usr/share/texmf-dist/tex/generic/pgf/basiclayer/pgfcorepoints.code.tex
File: pgfcorepoints.code.tex 2023-01-15 v3.1.10 (3.1.10)
\pgf@picminx=\dimen163
\pgf@picmaxx=\dimen164
\pgf@picminy=\dimen165
\pgf@picmaxy=\dimen166
\pgf@pathminx=\dimen167
\pgf@pathmaxx=\dimen168
\pgf@pathminy=\dimen169
\pgf@pathmaxy=\dimen170
\pgf@xx=\dimen171
\pgf@xy=\dimen172
\pgf@yx=\dimen173
\pgf@yy=\dimen174
\pgf@zx=\dimen175
\pgf@zy=\dimen176
) (/usr/share/texmf-dist/tex/generic/pgf/basiclayer/pgfcorepathconstruct.code.tex
File: pgfcorepathconstruct.code.tex 2023-01-15 v3.1.10 (3.1.10)
\pgf@path@lastx=\dimen177
\pgf@path@lasty=\dimen178
) (/usr/share/texmf-dist/tex/generic/pgf/basiclayer/pgfcorepathusage.code.tex
File: pgfcorepathusage.code.tex 2023-01-15 v3.1.10 (3.1.10)
\pgf@shorten@end@additional=\dimen179
\pgf@shorten@start@additional=\dimen180
) (/usr/share/texmf-dist/tex/generic/pgf/basiclayer/pgfcorescopes.code.tex
File: pgfcorescopes.code.tex 2023-01-15 v3.1.10 (3.1.10)
\pgfpic=\box53
\pgf@hbox=\box54
\pgf@layerbox@main=\box55
\pgf@picture@serial@count=\count268
) (/usr/share/texmf-dist/tex/generic/pgf/basiclayer/pgfcoregraphicstate.code.tex
File: pgfcoregraphicstate.code.tex 2023-01-15 v3.1.10 (3.1.10)
\pgflinewidth=\dimen181
) (/usr/share/texmf-dist/tex/generic/pgf/basiclayer/pgfcoretransformations.code.tex
File: pgfcoretransformations.code.tex 2023-01-15 v3.1.10 (3.1.10)
\pgf@pt@x=\dimen182
\pgf@pt@y=\dimen183
\pgf@pt@temp=\dimen184
) (/usr/share/texmf-dist/tex/generic/pgf/basiclayer/pgfcorequick.code.tex
File: pgfcorequick.code.tex 2023-01-15 v3.1.10 (3.1.10)
) (/usr/share/texmf-dist/tex/generic/pgf/basiclayer/pgfcoreobjects.code.tex
File: pgfcoreobjects.code.tex 2023-01-15 v3.1.10 (3.1.10)
) (/usr/share/texmf-dist/tex/generic/pgf/basiclayer/pgfcorepathprocessing.code.tex
File: pgfcorepathprocessing.code.tex 2023-01-15 v3.1.10 (3.1.10)
) (/usr/share/texmf-dist/tex/generic/pgf/basiclayer/pgfcorearrows.code.tex
File: pgfcorearrows.code.tex 2023-01-15 v3.1.10 (3.1.10)
\pgfarrowsep=\dimen185
) (/usr/share/texmf-dist/tex/generic/pgf/basiclayer/pgfcoreshade.code.tex
File: pgfcoreshade.code.tex 2023-01-15 v3.1.10 (3.1.10)
\pgf@max=\dimen186
\pgf@sys@shading@range@num=\count269
\pgf@shadingcount=\count270
) (/usr/share/texmf-dist/tex/generic/pgf/basiclayer/pgfcoreimage.code.tex
File: pgfcoreimage.code.tex 2023-01-15 v3.1.10 (3.1.10)
) (/usr/share/texmf-dist/tex/generic/pgf/basiclayer/pgfcoreexternal.code.tex
File: pgfcoreexternal.code.tex 2023-01-15 v3.1.10 (3.1.10)
\pgfexternal@startupbox=\box56
) (/usr/share/texmf-dist/tex/generic/pgf/basiclayer/pgfcorelayers.code.tex
File: pgfcorelayers.code.tex 2023-01-15 v3.1.10 (3.1.10)
)
(/usr/share/texmf-dist/tex/generic/pgf/basiclayer/pgfcoretransparency.code.tex
File: pgfcoretransparency.code.tex 2023-01-15 v3.1.10 (3.1.10)
) (/usr/share/texmf-dist/tex/generic/pgf/basiclayer/pgfcorepatterns.code.tex
File: pgfcorepatterns.code.tex 2023-01-15 v3.1.10 (3.1.10)
) (/usr/share/texmf-dist/tex/generic/pgf/basiclayer/pgfcorerdf.code.tex
File: pgfcorerdf.code.tex 2023-01-15 v3.1.10 (3.1.10)
))) (/usr/share/texmf-dist/tex/latex/tools/calc.sty
Package: calc 2023/07/08 v4.3 Infix arithmetic (KKT,FJ)
\calc@Acount=\count271
\calc@Bcount=\count272
\calc@Adimen=\dimen187
\calc@Bdimen=\dimen188
\calc@Askip=\skip53
\calc@Bskip=\skip54
LaTeX Info: Redefining \setlength on input line 80.
LaTeX Info: Redefining \addtolength on input line 81.
\calc@Ccount=\count273
\calc@Cskip=\skip55
)
\pgf@logicalpages=\count274
\pgf@firstshipout=\count275
\pgf@lastshipout=\count276
\pgf@currentshipout=\count277
\pgf@cpn=\count278
\pgf@shipoutnextto=\count279
\pgfphysicalheight=\dimen189
\pgfphysicalwidth=\dimen190
\pgfpages@shipoutbox=\box57
)

./letter_pdf.latex:31: LaTeX Error: Missing \begin{document}.

See the LaTeX manual or LaTeX Companion for explanation.
Type  H <return>  for immediate help.
 ...                                              
                                                  
l.31 $
      for(letteroption)$
You're in trouble here.  Try typing  <return>  to proceed.
If that doesn't work, type  X <return>  to quit.

LaTeX Font Info:    External font `cmex10' loaded for size
(Font)              <12> on input line 31.
LaTeX Font Info:    External font `cmex10' loaded for size
(Font)              <8> on input line 31.
LaTeX Font Info:    External font `cmex10' loaded for size
(Font)              <6> on input line 31.

./letter_pdf.latex:32: Class scrlttr2 Error: Letter-Class-Option file `$letteroption$.lco' not found.

See the scrlttr2 class documentation for explanation.
Type  H <return>  for immediate help.
 ...                                              
                                                  
l.32 \LoadLetterOption{$letteroption$}
                                      
You've told me to load the Letter-Class-Option `$letteroption$'. So I have to load
the file `$letteroption$.lco'. But the file isn't available.


./letter_pdf.latex:36: LaTeX Error: Missing \begin{document}.

See the LaTeX manual or LaTeX Companion for explanation.
Type  H <return>  for immediate help.
 ...                                              
                                                  
l.36 $
      if(addresseeimage)$\setkomavar{addresseeimage}{$addresseeimage$}$endif$
You're in trouble here.  Try typing  <return>  to proceed.
If that doesn't work, type  X <return>  to quit.


./letter_pdf.latex:67: Package scrbase Error: unknown option `toaddress=true'.

See the scrbase package documentation for explanation.
Type  H <return>  for immediate help.
 ...                                              
                                                  
l.67 ...}{$toaddress$}\KOMAoptions{toaddress=true}
                                                  $endif$
No one of the members of family `KOMA'
can handle option `toaddress'.
So it cannot be set to value `true'.


./letter_pdf.latex:68: Package scrbase Error: unknown option `toname=true'.

See the scrbase package documentation for explanation.
Type  H <return>  for immediate help.
 ...                                              
                                                  
l.68 ...toname}{$toname$}\KOMAoptions{toname=true}
                                                  $endif$
No one of the members of family `KOMA'
can handle option `toname'.
So it cannot be set to value `true'.


./letter_pdf.latex:73: Package scrbase Error: unknown option `fromalign=$fromalign$'.

See the scrbase package documentation for explanation.
Type  H <return>  for immediate help.
 ...                                              
                                                  
l.73 ...align)$\KOMAoptions{fromalign=$fromalign$}
                                                  $endif$
The members of family `KOMA' cannot set option `fromalign' 
to value `$fromalign$'.
Here's what each member says: 
  - `.scrlttr2.cls': unkown value `$fromalign$'


Overfull \hbox (36.13443pt too wide) in paragraph at lines 36--83
[]$\OML/cmm/m/it/12 if\OT1/cmr/m/n/12 (\OML/cmm/m/it/12 addresseeimage\OT1/cmr/m/n/12 )$$\OML/cmm/m/it/12 endif$ $if\OT1/cmr/m/n/12 (\OML/cmm/m/it/12 date\OT1/cmr/m/n/12 )$$\OML/cmm/m/it/12 endif$ $if\OT1/cmr/m/n/12 (\OML/cmm/m/it/12 emailseparator\OT1/cmr/m/n/12 )$$\OML/cmm/m/it/12 endif$ $if\OT1/cmr/m/n/12 (\OML/cmm/m/it/12 enclseparator\OT1/cmr/m/n/12 )$$\OML/cmm/m/it/12 endif$
 []


Overfull \hbox (92.43471pt too wide) in paragraph at lines 36--83
\OML/cmm/m/it/12 if\OT1/cmr/m/n/12 (\OML/cmm/m/it/12 firstfoot\OT1/cmr/m/n/12 )$$\OML/cmm/m/it/12 endif$ $if\OT1/cmr/m/n/12 (\OML/cmm/m/it/12 firsthead\OT1/cmr/m/n/12 )$$\OML/cmm/m/it/12 endif$ $if\OT1/cmr/m/n/12 (\OML/cmm/m/it/12 fromaddress\OT1/cmr/m/n/12 )$$\OML/cmm/m/it/12 endif$ $if\OT1/cmr/m/n/12 (\OML/cmm/m/it/12 frombank\OT1/cmr/m/n/12 )$$\OML/cmm/m/it/12 endif$ $if\OT1/cmr/m/n/12 (\OML/cmm/m/it/12 fromemail\OT1/cmr/m/n/12 )$$\OML/cmm/m/it/12 endif$
 []


Overfull \hbox (8.50018pt too wide) in paragraph at lines 36--83
\OML/cmm/m/it/12 if\OT1/cmr/m/n/12 (\OML/cmm/m/it/12 fromfax\OT1/cmr/m/n/12 )$$\OML/cmm/m/it/12 endif$ $if\OT1/cmr/m/n/12 (\OML/cmm/m/it/12 fromlogo\OT1/cmr/m/n/12 )$$\OML/cmm/m/it/12 endif$ $if\OT1/cmr/m/n/12 (\OML/cmm/m/it/12 frommobilephone\OT1/cmr/m/n/12 )$$\OML/cmm/m/it/12 endif$ $if\OT1/cmr/m/n/12 (\OML/cmm/m/it/12 fromname\OT1/cmr/m/n/12 )$$\OML/cmm/m/it/12 endif$
 []


Overfull \hbox (61.3481pt too wide) in paragraph at lines 36--83
\OML/cmm/m/it/12 if\OT1/cmr/m/n/12 (\OML/cmm/m/it/12 fromphone\OT1/cmr/m/n/12 )$$\OML/cmm/m/it/12 endif$ $if\OT1/cmr/m/n/12 (\OML/cmm/m/it/12 fromurl\OT1/cmr/m/n/12 )$$\OML/cmm/m/it/12 endif$ $if\OT1/cmr/m/n/12 (\OML/cmm/m/it/12 fromzipcode\OT1/cmr/m/n/12 )$$\OML/cmm/m/it/12 endif$ $if\OT1/cmr/m/n/12 (\OML/cmm/m/it/12 invoice\OT1/cmr/m/n/12 )$$\OML/cmm/m/it/12 endif$ $if\OT1/cmr/m/n/12 (\OML/cmm/m/it/12 location\OT1/cmr/m/n/12 )$$\OML/cmm/m/it/12 endif$
 []


Overfull \hbox (47.52715pt too wide) in paragraph at lines 36--83
\OML/cmm/m/it/12 if\OT1/cmr/m/n/12 (\OML/cmm/m/it/12 myref\OT1/cmr/m/n/12 )$$\OML/cmm/m/it/12 endif$ $if\OT1/cmr/m/n/12 (\OML/cmm/m/it/12 nextfoot\OT1/cmr/m/n/12 )$$\OML/cmm/m/it/12 endif$ $if\OT1/cmr/m/n/12 (\OML/cmm/m/it/12 nexthead\OT1/cmr/m/n/12 )$$\OML/cmm/m/it/12 endif$ $if\OT1/cmr/m/n/12 (\OML/cmm/m/it/12 phoneseparator\OT1/cmr/m/n/12 )$$\OML/cmm/m/it/12 endif$ $if\OT1/cmr/m/n/12 (\OML/cmm/m/it/12 place\OT1/cmr/m/n/12 )$$\OML/cmm/m/it/12 endif$
 []


Overfull \hbox (5.38594pt too wide) in paragraph at lines 36--83
\OML/cmm/m/it/12 if\OT1/cmr/m/n/12 (\OML/cmm/m/it/12 placeseparator\OT1/cmr/m/n/12 )$$\OML/cmm/m/it/12 endif$ $if\OT1/cmr/m/n/12 (\OML/cmm/m/it/12 PPdatamatrix\OT1/cmr/m/n/12 )$$\OML/cmm/m/it/12 endif$ $if\OT1/cmr/m/n/12 (\OML/cmm/m/it/12 PPcode\OT1/cmr/m/n/12 )$$\OML/cmm/m/it/12 endif$ $if\OT1/cmr/m/n/12 (\OML/cmm/m/it/12 signature\OT1/cmr/m/n/12 )$$\OML/cmm/m/it/12 endif$
 []


Overfull \hbox (69.19696pt too wide) in paragraph at lines 36--83
\OML/cmm/m/it/12 if\OT1/cmr/m/n/12 (\OML/cmm/m/it/12 specialmail\OT1/cmr/m/n/12 )$$\OML/cmm/m/it/12 endif$ $if\OT1/cmr/m/n/12 (\OML/cmm/m/it/12 subject\OT1/cmr/m/n/12 )$$\OML/cmm/m/it/12 endif$ $if\OT1/cmr/m/n/12 (\OML/cmm/m/it/12 subjectseparator\OT1/cmr/m/n/12 )$$\OML/cmm/m/it/12 endif$ $if\OT1/cmr/m/n/12 (\OML/cmm/m/it/12 title\OT1/cmr/m/n/12 )$$\OML/cmm/m/it/12 endif$ $if\OT1/cmr/m/n/12 (\OML/cmm/m/it/12 toaddress\OT1/cmr/m/n/12 )$$\OML/cmm/m/it/12 endif$
 []


Overfull \hbox (101.16629pt too wide) in paragraph at lines 36--83
\OML/cmm/m/it/12 if\OT1/cmr/m/n/12 (\OML/cmm/m/it/12 toname\OT1/cmr/m/n/12 )$$\OML/cmm/m/it/12 endif$ $if\OT1/cmr/m/n/12 (\OML/cmm/m/it/12 yourmail\OT1/cmr/m/n/12 )$$\OML/cmm/m/it/12 endif$ $if\OT1/cmr/m/n/12 (\OML/cmm/m/it/12 yourref\OT1/cmr/m/n/12 )$$\OML/cmm/m/it/12 endif$ $if\OT1/cmr/m/n/12 (\OML/cmm/m/it/12 zipcodeseparator\OT1/cmr/m/n/12 )$$\OML/cmm/m/it/12 endif$ $if\OT1/cmr/m/n/12 (\OML/cmm/m/it/12 enclseparator\OT1/cmr/m/n/12 )$$\OML/cmm/m/it/12 endif$
 []


Overfull \hbox (9.28578pt too wide) in paragraph at lines 36--83
\OML/cmm/m/it/12 if\OT1/cmr/m/n/12 (\OML/cmm/m/it/12 fromalign\OT1/cmr/m/n/12 )$$\OML/cmm/m/it/12 endif$ $if\OT1/cmr/m/n/12 (\OML/cmm/m/it/12 customername\OT1/cmr/m/n/12 )$$\OML/cmm/m/it/12 endif$ $if\OT1/cmr/m/n/12 (\OML/cmm/m/it/12 datename\OT1/cmr/m/n/12 )$$\OML/cmm/m/it/12 endif$ $if\OT1/cmr/m/n/12 (\OML/cmm/m/it/12 invoicename\OT1/cmr/m/n/12 )$$\OML/cmm/m/it/12 endif$
 []


Overfull \hbox (12.13777pt too wide) in paragraph at lines 36--83
\OML/cmm/m/it/12 if\OT1/cmr/m/n/12 (\OML/cmm/m/it/12 myrefname\OT1/cmr/m/n/12 )$$\OML/cmm/m/it/12 endif$ $if\OT1/cmr/m/n/12 (\OML/cmm/m/it/12 yourmailname\OT1/cmr/m/n/12 )$$\OML/cmm/m/it/12 endif$ $if\OT1/cmr/m/n/12 (\OML/cmm/m/it/12 yourrefname\OT1/cmr/m/n/12 )$$\OML/cmm/m/it/12 endif$ $if\OT1/cmr/m/n/12 (\OML/cmm/m/it/12 opening\OT1/cmr/m/n/12 )$$\OML/cmm/m/it/12 endif$
 []


./letter_pdf.latex:84: LaTeX Error: Missing \begin{document}.

See the LaTeX manual or LaTeX Companion for explanation.
Type  H <return>  for immediate help.
 ...                                              
                                                  
l.84 /
      setheadwidth[0]{text}
You're in trouble here.  Try typing  <return>  to proceed.
If that doesn't work, type  X <return>  to quit.

(/usr/share/texmf-dist/tex/latex/l3backend/l3backend-pdftex.def
File: l3backend-pdftex.def 2024-02-20 L3 backend support: PDF output (pdfTeX)
\l__color_backend_stack_int=\count280
\l__pdf_internal_box=\box58
)
No file letter_pdf.aux.
\openout1 = `letter_pdf.aux'.

LaTeX Font Info:    Checking defaults for OML/cmm/m/it on input line 86.
LaTeX Font Info:    ... okay on input line 86.
LaTeX Font Info:    Checking defaults for OMS/cmsy/m/n on input line 86.
LaTeX Font Info:    ... okay on input line 86.
LaTeX Font Info:    Checking defaults for OT1/cmr/m/n on input line 86.
LaTeX Font Info:    ... okay on input line 86.
LaTeX Font Info:    Checking defaults for T1/cmr/m/n on input line 86.
LaTeX Font Info:    ... okay on input line 86.
LaTeX Font Info:    Checking defaults for TS1/cmr/m/n on input line 86.
LaTeX Font Info:    ... okay on input line 86.
LaTeX Font Info:    Checking defaults for OMX/cmex/m/n on input line 86.
LaTeX Font Info:    ... okay on input line 86.
LaTeX Font Info:    Checking defaults for U/cmr/m/n on input line 86.
LaTeX Font Info:    ... okay on input line 86.
Package scrbase Info: activating english \yourrefname on input line 86.
Package scrbase Info: activating english \yourmailname on input line 86.
Package scrbase Info: activating english \myrefname on input line 86.
Package scrbase Info: activating english \customername on input line 86.
Package scrbase Info: activating english \invoicename on input line 86.
Package scrbase Info: activating english \subjectname on input line 86.
Package scrbase Info: activating english \ccname on input line 86.
Package scrbase Info: activating english \enclname on input line 86.
Package scrbase Info: activating english \headtoname on input line 86.
Package scrbase Info: activating english \headfromname on input line 86.
Package scrbase Info: activating english \datename on input line 86.
Package scrbase Info: activating english \pagename on input line 86.
Package scrbase Info: activating english \phonename on input line 86.
Package scrbase Info: activating english \mobilephonename on input line 86.
Package scrbase Info: activating english \faxname on input line 86.
Package scrbase Info: activating english \emailname on input line 86.
Package scrbase Info: activating english \wwwname on input line 86.
Package scrbase Info: activating english \bankname on input line 86.
Class scrlttr2 Info: no date found for language `american'
(scrlttr2)           --> skipped on input line 86.
Class scrlttr2 Info: no date found for language `australian'
(scrlttr2)           --> skipped on input line 86.
Class scrlttr2 Info: no date found for language `british'
(scrlttr2)           --> skipped on input line 86.
Class scrlttr2 Info: no date found for language `canadian'
(scrlttr2)           --> skipped on input line 86.
Class scrlttr2 Info: no date found for language `newzealand'
(scrlttr2)           --> skipped on input line 86.
Class scrlttr2 Info: no date found for language `UKenglish'
(scrlttr2)           --> skipped on input line 86.
Class scrlttr2 Info: no date found for language `ukenglish'
(scrlttr2)           --> skipped on input line 86.
Class scrlttr2 Info: no date found for language `USenglish'
(scrlttr2)           --> skipped on input line 86.
Class scrlttr2 Info: no date found for language `usenglish'
(scrlttr2)           --> skipped on input line 86.
Class scrlttr2 Info: no date found for language `german'
(scrlttr2)           --> skipped on input line 86.
Class scrlttr2 Info: no date found for language `ngerman'
(scrlttr2)           --> skipped on input line 86.
Class scrlttr2 Info: no date found for language `austrian'
(scrlttr2)           --> skipped on input line 86.
Class scrlttr2 Info: no date found for language `naustrian'
(scrlttr2)           --> skipped on input line 86.
Class scrlttr2 Info: no date found for language `swissgerman'
(scrlttr2)           --> skipped on input line 86.
Class scrlttr2 Info: no date found for language `nswissgerman'
(scrlttr2)           --> skipped on input line 86.
Class scrlttr2 Info: no date found for language `acadian'
(scrlttr2)           --> skipped on input line 86.
Class scrlttr2 Info: no date found for language `canadien'
(scrlttr2)           --> skipped on input line 86.
Class scrlttr2 Info: no date found for language `francais'
(scrlttr2)           --> skipped on input line 86.
Class scrlttr2 Info: no date found for language `french'
(scrlttr2)           --> skipped on input line 86.
Class scrlttr2 Info: no date found for language `italian'
(scrlttr2)           --> skipped on input line 86.
Class scrlttr2 Info: no date found for language `spanish'
(scrlttr2)           --> skipped on input line 86.
Class scrlttr2 Info: no date found for language `croatian'
(scrlttr2)           --> skipped on input line 86.
Class scrlttr2 Info: no date found for language `dutch'
(scrlttr2)           --> skipped on input line 86.
Class scrlttr2 Info: no date found for language `finnish'
(scrlttr2)           --> skipped on input line 86.
Class scrlttr2 Info: no date found for language `norsk'
(scrlttr2)           --> skipped on input line 86.
Class scrlttr2 Info: no date found for language `swedish'
(scrlttr2)           --> skipped on input line 86.
Class scrlttr2 Info: no date found for language `polish'
(scrlttr2)           --> skipped on input line 86.
Class scrlttr2 Info: no date found for language `czech'
(scrlttr2)           --> skipped on input line 86.
Class scrlttr2 Info: no date found for language `slovak'
(scrlttr2)           --> skipped on input line 86.
Class scrlttr2 Info: trying to activate captions and date
(scrlttr2)           of language `english' on input line 86.
Class scrlttr2 Info: used language is `english'.
(scrlttr2)           Supported languages are: `english', `UKenglish',
(scrlttr2)           `ukenglish', `british', `american', `USenglish',
(scrlttr2)           `usenglish', `australian`,`canadian', `newzealand',
(scrlttr2)           `german', `ngerman', `austrian', `naustrian',
(scrlttr2)           `swissgerman', `nswissgermsn',
(scrlttr2)           `acadian', `canadien', `francais', `french', 
(scrlttr2)           `dutch', `italian', `spanish', `polish',
(scrlttr2)           `croatian', `finnish', `norsk', `swedish',
(scrlttr2)           `czech', `slovak' on input line 86.
(/usr/share/texmf-dist/tex/context/base/mkii/supp-pdf.mkii
[Loading MPS to PDF converter (version 2006.09.02).]
\scratchcounter=\count281
\scratchdimen=\dimen191
\scratchbox=\box59
\nofMPsegments=\count282
\nofMParguments=\count283
\everyMPshowfont=\toks29
\MPscratchCnt=\count284
\MPscratchDim=\dimen192
\MPnumerator=\count285
\makeMPintoPDFobject=\count286
\everyMPtoPDFconversion=\toks30
) (/usr/share/texmf-dist/tex/latex/epstopdf-pkg/epstopdf-base.sty
Package: epstopdf-base 2020-01-24 v2.11 Base part for package epstopdf
Package epstopdf-base Info: Redefining graphics rule for `.eps' on input line 485.
 (/usr/share/texmf-dist/tex/latex/latexconfig/epstopdf-sys.cfg
File: epstopdf-sys.cfg 2010/07/13 v1.3 Configuration of (r)epstopdf for TeX Live
))
*geometry* driver: auto-detecting
*geometry* detected driver: pdftex
*geometry* verbose mode - [ preamble ] result:
* driver: pdftex
* paper: <default>
* layout: <same size as paper>
* layoutoffset:(h,v)=(0.0pt,0.0pt)
* modes: 
* h-part:(L,W,R)=(89.6271pt, 418.25372pt, 89.6271pt)
* v-part:(T,H,B)=(101.40665pt, 686.73479pt, 56.9055pt)
* \paperwidth=597.50793pt
* \paperheight=845.04694pt
* \textwidth=418.25372pt
* \textheight=686.73479pt
* \oddsidemargin=17.35712pt
* \evensidemargin=17.35712pt
* \topmargin=-10.73834pt
* \headheight=18.125pt
* \headsep=21.75pt
* \topskip=12.0pt
* \footskip=50.75pt
* \marginparwidth=49.79233pt
* \marginparsep=12.8401pt
* \columnsep=0.0pt
* \skip\footins=10.8pt plus 4.0pt minus 2.0pt
* \hoffset=0.0pt
* \voffset=0.0pt
* \mag=1000
* \@twocolumnfalse
* \@twosidefalse
* \@mparswitchfalse
* \@reversemarginfalse
* (1in=72.27pt=25.4mm, 1cm=28.453pt)

[2

]
Foldmarks: no
Head of first page
Foot of first page
Address (specialmail, addressee)
Location field: yes
Title: yes
LaTeX Font Info:    External font `cmex10' loaded for size
(Font)              <20.74> on input line 90.
LaTeX Font Info:    External font `cmex10' loaded for size
(Font)              <14.4> on input line 90.
Subject: before opening
[1


] (./letter_pdf.aux)
 ***********
LaTeX2e <2023-11-01> patch level 1
L3 programming layer <2024-02-20>
 ***********


LaTeX Warning: Label(s) may have changed. Rerun to get cross-references right.

 ) 
Here is how much of TeX's memory you used:
 11075 strings out of 476076
 218472 string characters out of 5793775
 1934187 words of memory out of 5000000
 33016 multiletter control sequences out of 15000+600000
 564146 words of font info for 56 fonts, out of 8000000 for 9000
 14 hyphenation exceptions out of 8191
 108i,10n,107p,392b,221s stack positions out of 10000i,1000n,20000p,200000b,200000s
</usr/share/texmf-dist/fonts/type1/public/amsfonts/cm/cmmi10.pfb></usr/share/texmf-dist/fonts/type1/public/amsfonts/cm/cmmi12.pfb></usr/share/texmf-dist/fonts/type1/public/amsfonts/cm/cmmi8.pfb></usr/share/texmf-dist/fonts/type1/public/amsfonts/cm/cmr10.pfb></usr/share/texmf-dist/fonts/type1/public/amsfonts/cm/cmr12.pfb>
Output written on letter_pdf.pdf (3 pages, 58043 bytes).
PDF statistics:
 42 PDF objects out of 1000 (max. 8388607)
 26 compressed objects within 1 object stream
 0 named destinations out of 1000 (max. 500000)
 13 words of extra memory for PDF output out of 10000 (max. 10000000)

